<?xml version="1.0" encoding="UTF-8"?>
<!-- Generated by org.testng.reporters.JUnitXMLReporter -->
<testsuite ignored="0" hostname="LAPTOP-G9FBSJPC" failures="0" tests="4" name="UserTests" time="7.543" errors="0" timestamp="2024-12-01T19:04:44 IST">
  <testcase classname="api.test.UserTests2" name="createUser" time="2.394"/>
  <testcase classname="api.test.UserTests2" name="getUserbyname" time="1.128"/>
  <testcase classname="api.test.UserTests2" name="UpdateUserbyname" time="2.247"/>
  <testcase classname="api.test.UserTests2" name="deleteUserbyName" time="1.126"/>
</testsuite> <!-- UserTests -->
