<?xml version="1.0" encoding="UTF-8"?>
<!-- Generated by org.testng.reporters.JUnitXMLReporter -->
<testsuite ignored="3" hostname="LAPTOP-G9FBSJPC" failures="0" tests="3" name="Default test" time="6.139" errors="0" timestamp="2024-11-30T21:15:12 IST">
  <testcase classname="api.test.DataDrivenTest" name="createUsers" time="2.716"/>
  <testcase classname="api.test.DataDrivenTest" name="createUsers" time="1.134"/>
  <testcase classname="api.test.DataDrivenTest" name="createUsers" time="1.186"/>
  <testcase classname="api.test.DataDrivenTest" name="getUsersbyname" time="0.0">
    <ignored/>
  </testcase> <!-- getUsersbyname -->
  <testcase classname="api.test.DataDrivenTest" name="deleteusers" time="0.0">
    <ignored/>
  </testcase> <!-- deleteusers -->
  <testcase classname="api.test.DataDrivenTest" name="UpdateUserbyname" time="0.0">
    <ignored/>
  </testcase> <!-- UpdateUserbyname -->
</testsuite> <!-- Default test -->
