<?xml version="1.0" encoding="UTF-8"?>
<testsuite xmlns:xsi="http://www.w3.org/2001/XMLSchema-instance" xsi:noNamespaceSchemaLocation="https://maven.apache.org/surefire/maven-surefire-plugin/xsd/surefire-test-report.xsd" version="3.0.2" name="TestSuite" time="8.271" tests="4" errors="0" skipped="0" failures="0">
  <properties>
[...]
</properties>
  <testcase name="createUser" classname="api.test.UserTests2" time="2.609">
    <system-out><![CDATA[23:03:20.180 [main] INFO  api.test.UserTests2 - ******** Create User ************
HTTP/1.1 200 OK
Date: Sun, 01 Dec 2024 17:33:22 GMT
Content-Type: application/json
Transfer-Encoding: chunked
Connection: keep-alive
Access-Control-Allow-Origin: *
Access-Control-Allow-Methods: GET, POST, DELETE, PUT
Access-Control-Allow-Headers: Content-Type, api_key, Authorization
Server: Jetty(9.2.9.v20150224)

{
    "code": 200,
    "type": "unknown",
    "message": "1078705341"
}
23:03:22.775 [main] INFO  api.test.UserTests2 - ******** User is Created ************
]]></system-out>
    <system-err><![CDATA[SLF4J: Failed to load class "org.slf4j.impl.StaticLoggerBinder".
SLF4J: Defaulting to no-operation (NOP) logger implementation
SLF4J: See http://www.slf4j.org/codes.html#StaticLoggerBinder for further details.
]]></system-err>
  </testcase>
  <testcase name="getUserbyname" classname="api.test.UserTests2" time="1.134">
    <system-out><![CDATA[23:03:22.785 [main] INFO  api.test.UserTests2 - ******** Getting User Info ************
HTTP/1.1 200 OK
Date: Sun, 01 Dec 2024 17:33:23 GMT
Content-Type: application/json
Transfer-Encoding: chunked
Connection: keep-alive
Access-Control-Allow-Origin: *
Access-Control-Allow-Methods: GET, POST, DELETE, PUT
Access-Control-Allow-Headers: Content-Type, api_key, Authorization
Server: Jetty(9.2.9.v20150224)

{
    "id": 1078705341,
    "username": "lupe.blanda",
    "email": "ervin.blick@example.com",
    "password": "a4o8lt5v",
    "phone": "1-722-210-2515",
    "userStatus": 0
}
23:03:23.918 [main] INFO  api.test.UserTests2 - ******** User INfo is displayed ************
]]></system-out>
  </testcase>
  <testcase name="UpdateUserbyname" classname="api.test.UserTests2" time="2.27">
    <system-out><![CDATA[23:03:23.920 [main] INFO  api.test.UserTests2 - ******** Update User ************
{
    "code": 200,
    "type": "unknown",
    "message": "1078705341"
}
{
    "code": 200,
    "type": "unknown",
    "message": "1078705341"
}
23:03:26.188 [main] INFO  api.test.UserTests2 - ******** User is Updated ************
]]></system-out>
  </testcase>
  <testcase name="deleteUserbyName" classname="api.test.UserTests2" time="1.087">
    <system-out><![CDATA[23:03:26.191 [main] INFO  api.test.UserTests2 - ******** Delete User ************
23:03:27.276 [main] INFO  api.test.UserTests2 - ******** User is deleted ************
]]></system-out>
  </testcase>
</testsuite>