<?xml version="1.0" encoding="UTF-8"?>
<testng-results ignored="0" total="4" passed="4" failed="0" skipped="0">
  <reporter-output>
  </reporter-output>
  <suite started-at="2024-12-01T19:04:36 IST" name="PetStore" finished-at="2024-12-01T19:04:44 IST" duration-ms="7543">
    <groups>
    </groups>
    <test started-at="2024-12-01T19:04:36 IST" name="UserTests" finished-at="2024-12-01T19:04:44 IST" duration-ms="7543">
      <class name="api.test.UserTests2">
        <test-method is-config="true" signature="setup()[pri:0, instance:api.test.UserTests2@22555ebf]" started-at="2024-12-01T19:04:36 IST" name="setup" finished-at="2024-12-01T19:04:37 IST" duration-ms="447" status="PASS">
          <reporter-output>
          </reporter-output>
        </test-method> <!-- setup -->
        <test-method signature="createUser()[pri:1, instance:api.test.UserTests2@22555ebf]" started-at="2024-12-01T19:04:37 IST" name="createUser" finished-at="2024-12-01T19:04:39 IST" duration-ms="2394" status="PASS">
          <reporter-output>
          </reporter-output>
        </test-method> <!-- createUser -->
        <test-method signature="getUserbyname()[pri:2, instance:api.test.UserTests2@22555ebf]" started-at="2024-12-01T19:04:39 IST" name="getUserbyname" finished-at="2024-12-01T19:04:40 IST" duration-ms="1128" status="PASS">
          <reporter-output>
          </reporter-output>
        </test-method> <!-- getUserbyname -->
        <test-method signature="UpdateUserbyname()[pri:3, instance:api.test.UserTests2@22555ebf]" started-at="2024-12-01T19:04:40 IST" name="UpdateUserbyname" finished-at="2024-12-01T19:04:42 IST" duration-ms="2247" status="PASS">
          <reporter-output>
          </reporter-output>
        </test-method> <!-- UpdateUserbyname -->
        <test-method signature="deleteUserbyName()[pri:4, instance:api.test.UserTests2@22555ebf]" started-at="2024-12-01T19:04:42 IST" name="deleteUserbyName" finished-at="2024-12-01T19:04:44 IST" duration-ms="1126" status="PASS">
          <reporter-output>
          </reporter-output>
        </test-method> <!-- deleteUserbyName -->
      </class> <!-- api.test.UserTests2 -->
    </test> <!-- UserTests -->
  </suite> <!-- PetStore -->
</testng-results>
